<?xml version="1.0" encoding="UTF-8"?>
<!-- Generated by org.testng.reporters.JUnitReportReporter -->
<testsuite skipped="0" hostname="LAPTOP-22472JL6" name="com.bridgelabz.selenium.TravelPassTest" tests="2" failures="0" timestamp="2021-06-15T16:18:27 IST" time="27.827" errors="0">
  <testcase name="travelPass" time="5.738" classname="com.bridgelabz.selenium.TravelPassTest"/>
  <system-out/>
  <testcase name="punePortal" time="22.089" classname="com.bridgelabz.selenium.TravelPassTest"/>
  <system-out/>
</testsuite> <!-- com.bridgelabz.selenium.TravelPassTest -->
